app/build/intermediates/manifest_merge_blame_file/debug/processDebugMainManifest/manifest-merger-blame-debug-report.txt
1<?xml version="1.0" encoding="utf-8"?>
2<manifest xmlns:android="http://schemas.android.com/apk/res/android"
3    package="com.example.myapplication"
4    android:versionCode="1"
5    android:versionName="1.0" >
6
7    <uses-sdk
8        android:minSdkVersion="24"
9        android:targetSdkVersion="34" />
10    <!-- Thêm quyền truy cập internet -->
11    <uses-permission android:name="android.permission.INTERNET" />
11-->src\main\AndroidManifest.xml:3:5-66
11-->src\main\AndroidManifest.xml:3:22-64
12    <!-- Thêm quyền sử dụng thông báo -->
13    <uses-permission android:name="android.permission.POST_NOTIFICATIONS" />
13-->src\main\AndroidManifest.xml:5:5-76
13-->src\main\AndroidManifest.xml:5:22-74
14    <uses-permission android:name="com.google.android.c2dm.permission.RECEIVE" />
14-->src\main\AndroidManifest.xml:6:5-81
14-->src\main\AndroidManifest.xml:6:22-79
15    <uses-permission android:name="android.permission.WAKE_LOCK" />
15-->src\main\AndroidManifest.xml:7:5-67
15-->src\main\AndroidManifest.xml:7:22-65
16    <uses-permission android:name="android.permission.VIBRATE" />
16-->src\main\AndroidManifest.xml:8:5-65
16-->src\main\AndroidManifest.xml:8:22-63
17    <uses-permission android:name="android.permission.CAMERA" />
17-->src\main\AndroidManifest.xml:9:5-64
17-->src\main\AndroidManifest.xml:9:22-62
18    <uses-permission android:name="android.permission.RECORD_AUDIO" />
18-->src\main\AndroidManifest.xml:10:5-70
18-->src\main\AndroidManifest.xml:10:22-68
19    <uses-permission android:name="android.permission.MODIFY_AUDIO_SETTINGS" />
19-->src\main\AndroidManifest.xml:11:5-79
19-->src\main\AndroidManifest.xml:11:22-77
20    <uses-permission android:name="android.permission.READ_MEDIA_VIDEO" />
20-->src\main\AndroidManifest.xml:12:5-74
20-->src\main\AndroidManifest.xml:12:22-72
21    <uses-permission android:name="android.permission.WRITE_EXTERNAL_STORAGE" />
21-->src\main\AndroidManifest.xml:13:5-80
21-->src\main\AndroidManifest.xml:13:22-78
22    <uses-permission android:name="android.permission.ACCESS_NETWORK_STATE" />
22-->src\main\AndroidManifest.xml:14:5-78
22-->src\main\AndroidManifest.xml:14:22-76
23    <uses-permission
23-->src\main\AndroidManifest.xml:15:5-106
24        android:name="android.permission.READ_EXTERNAL_STORAGE"
24-->src\main\AndroidManifest.xml:15:22-77
25        android:maxSdkVersion="32" />
25-->src\main\AndroidManifest.xml:15:78-104
26
27    <uses-feature
27-->src\main\AndroidManifest.xml:16:5-83
28        android:name="android.hardware.camera"
28-->src\main\AndroidManifest.xml:16:19-57
29        android:required="true" />
29-->src\main\AndroidManifest.xml:16:58-81
30
31    <uses-permission android:name="com.google.android.providers.gsf.permission.READ_GSERVICES" />
31-->[com.google.android.recaptcha:recaptcha:18.4.0] AndroidManifest.xml:9:5-98
31-->[com.google.android.recaptcha:recaptcha:18.4.0] AndroidManifest.xml:9:22-95
32
33    <permission
33-->[androidx.core:core:1.13.0] AndroidManifest.xml:22:5-24:47
34        android:name="com.example.myapplication.DYNAMIC_RECEIVER_NOT_EXPORTED_PERMISSION"
34-->[androidx.core:core:1.13.0] AndroidManifest.xml:23:9-81
35        android:protectionLevel="signature" />
35-->[androidx.core:core:1.13.0] AndroidManifest.xml:24:9-44
36
37    <uses-permission android:name="com.example.myapplication.DYNAMIC_RECEIVER_NOT_EXPORTED_PERMISSION" />
37-->[androidx.core:core:1.13.0] AndroidManifest.xml:26:5-97
37-->[androidx.core:core:1.13.0] AndroidManifest.xml:26:22-94
38
39    <application
39-->src\main\AndroidManifest.xml:17:5-36:19
40        android:name="com.example.myapplication.MyApp"
40-->src\main\AndroidManifest.xml:17:18-39
41        android:allowBackup="true"
41-->src\main\AndroidManifest.xml:17:40-66
42        android:appComponentFactory="androidx.core.app.CoreComponentFactory"
42-->[androidx.core:core:1.13.0] AndroidManifest.xml:28:18-86
43        android:dataExtractionRules="@xml/data_extraction_rules"
43-->src\main\AndroidManifest.xml:17:67-123
44        android:debuggable="true"
45        android:enableOnBackInvokedCallback="true"
45-->src\main\AndroidManifest.xml:17:124-166
46        android:extractNativeLibs="false"
47        android:fullBackupContent="@xml/backup_rules"
47-->src\main\AndroidManifest.xml:17:167-212
48        android:icon="@mipmap/ic_launcher_foreground"
48-->src\main\AndroidManifest.xml:17:213-258
49        android:label="@string/app_name"
49-->src\main\AndroidManifest.xml:17:259-291
50        android:roundIcon="@mipmap/ic_launcher_round"
50-->src\main\AndroidManifest.xml:17:292-337
51        android:supportsRtl="true"
51-->src\main\AndroidManifest.xml:17:338-364
52        android:testOnly="true"
53        android:theme="@style/Theme.MyApplication" >
53-->src\main\AndroidManifest.xml:17:365-407
54        <activity
54-->src\main\AndroidManifest.xml:18:9-87
55            android:name="com.example.myapplication.view.ManageMemberActivity"
55-->src\main\AndroidManifest.xml:18:19-60
56            android:exported="false" />
56-->src\main\AndroidManifest.xml:18:61-85
57        <activity
57-->src\main\AndroidManifest.xml:19:9-87
58            android:name="com.example.myapplication.view.SettingGroupActivity"
58-->src\main\AndroidManifest.xml:19:19-60
59            android:exported="false" />
59-->src\main\AndroidManifest.xml:19:61-85
60        <activity
60-->src\main\AndroidManifest.xml:20:9-91
61            android:name="com.example.myapplication.view.ShowImageMessageActivity"
61-->src\main\AndroidManifest.xml:20:19-64
62            android:exported="false" />
62-->src\main\AndroidManifest.xml:20:65-89
63        <activity
63-->src\main\AndroidManifest.xml:21:9-84
64            android:name="com.example.myapplication.view.GroupChatActivity"
64-->src\main\AndroidManifest.xml:21:19-57
65            android:exported="false" />
65-->src\main\AndroidManifest.xml:21:58-82
66        <activity
66-->src\main\AndroidManifest.xml:22:9-86
67            android:name="com.example.myapplication.view.CreateGroupActivity"
67-->src\main\AndroidManifest.xml:22:19-59
68            android:exported="false" />
68-->src\main\AndroidManifest.xml:22:60-84
69        <activity
69-->src\main\AndroidManifest.xml:23:9-84
70            android:name="com.example.myapplication.view.MainActivityGroup"
70-->src\main\AndroidManifest.xml:23:19-57
71            android:exported="false" />
71-->src\main\AndroidManifest.xml:23:58-82
72        <activity
72-->src\main\AndroidManifest.xml:24:9-78
73            android:name="com.example.myapplication.view.ChatActivity"
73-->src\main\AndroidManifest.xml:24:19-52
74            android:exported="true" />
74-->src\main\AndroidManifest.xml:24:53-76
75        <activity
75-->src\main\AndroidManifest.xml:25:9-80
76            android:name="com.example.myapplication.view.LoginActivity"
76-->src\main\AndroidManifest.xml:25:19-53
77            android:exported="false" />
77-->src\main\AndroidManifest.xml:25:54-78
78        <activity
78-->src\main\AndroidManifest.xml:26:9-82
79            android:name="com.example.myapplication.view.ProfileActivity"
79-->src\main\AndroidManifest.xml:26:19-55
80            android:exported="false" />
80-->src\main\AndroidManifest.xml:26:56-80
81        <activity
81-->src\main\AndroidManifest.xml:27:9-83
82            android:name="com.example.myapplication.view.ResetPinActivity"
82-->src\main\AndroidManifest.xml:27:19-56
83            android:exported="false" />
83-->src\main\AndroidManifest.xml:27:57-81
84        <activity
84-->src\main\AndroidManifest.xml:28:9-33:20
85            android:name="com.example.myapplication.view.SplashActivity"
85-->src\main\AndroidManifest.xml:28:19-54
86            android:exported="true" >
86-->src\main\AndroidManifest.xml:28:55-78
87            <intent-filter>
87-->src\main\AndroidManifest.xml:29:13-32:29
88                <action android:name="android.intent.action.MAIN" />
88-->src\main\AndroidManifest.xml:30:17-68
88-->src\main\AndroidManifest.xml:30:25-66
89
90                <category android:name="android.intent.category.LAUNCHER" />
90-->src\main\AndroidManifest.xml:31:17-76
90-->src\main\AndroidManifest.xml:31:27-74
91            </intent-filter>
92        </activity>
93        <activity
93-->src\main\AndroidManifest.xml:34:9-79
94            android:name="com.example.myapplication.view.MainActivity"
94-->src\main\AndroidManifest.xml:34:19-52
95            android:exported="false" />
95-->src\main\AndroidManifest.xml:34:53-77
96        <activity
96-->src\main\AndroidManifest.xml:35:9-83
97            android:name="com.example.myapplication.view.RegisterActivity"
97-->src\main\AndroidManifest.xml:35:19-56
98            android:exported="false" />
98-->src\main\AndroidManifest.xml:35:57-81
99
100        <provider
100-->[com.squareup.picasso:picasso:2.8] AndroidManifest.xml:8:9-11:40
101            android:name="com.squareup.picasso.PicassoProvider"
101-->[com.squareup.picasso:picasso:2.8] AndroidManifest.xml:9:13-64
102            android:authorities="com.example.myapplication.com.squareup.picasso"
102-->[com.squareup.picasso:picasso:2.8] AndroidManifest.xml:10:13-72
103            android:exported="false" />
103-->[com.squareup.picasso:picasso:2.8] AndroidManifest.xml:11:13-37
104
105        <service
105-->[com.google.firebase:firebase-storage:21.0.1] AndroidManifest.xml:27:9-36:19
106            android:name="com.google.firebase.components.ComponentDiscoveryService"
106-->[com.google.firebase:firebase-storage:21.0.1] AndroidManifest.xml:28:13-84
107            android:directBootAware="true"
107-->[com.google.firebase:firebase-common:21.0.0] AndroidManifest.xml:32:13-43
108            android:exported="false" >
108-->[com.google.firebase:firebase-storage:21.0.1] AndroidManifest.xml:29:13-37
109            <meta-data
109-->[com.google.firebase:firebase-storage:21.0.1] AndroidManifest.xml:30:13-32:85
110                android:name="com.google.firebase.components:com.google.firebase.storage.FirebaseStorageKtxRegistrar"
110-->[com.google.firebase:firebase-storage:21.0.1] AndroidManifest.xml:31:17-118
111                android:value="com.google.firebase.components.ComponentRegistrar" />
111-->[com.google.firebase:firebase-storage:21.0.1] AndroidManifest.xml:32:17-82
112            <meta-data
112-->[com.google.firebase:firebase-storage:21.0.1] AndroidManifest.xml:33:13-35:85
113                android:name="com.google.firebase.components:com.google.firebase.storage.StorageRegistrar"
113-->[com.google.firebase:firebase-storage:21.0.1] AndroidManifest.xml:34:17-107
114                android:value="com.google.firebase.components.ComponentRegistrar" />
114-->[com.google.firebase:firebase-storage:21.0.1] AndroidManifest.xml:35:17-82
115            <meta-data
115-->[com.google.firebase:firebase-messaging:23.1.0] AndroidManifest.xml:55:13-57:85
116                android:name="com.google.firebase.components:com.google.firebase.messaging.FirebaseMessagingRegistrar"
116-->[com.google.firebase:firebase-messaging:23.1.0] AndroidManifest.xml:56:17-119
117                android:value="com.google.firebase.components.ComponentRegistrar" />
117-->[com.google.firebase:firebase-messaging:23.1.0] AndroidManifest.xml:57:17-82
118            <meta-data
118-->[com.google.firebase:firebase-auth:23.0.0] AndroidManifest.xml:69:13-71:85
119                android:name="com.google.firebase.components:com.google.firebase.auth.FirebaseAuthRegistrar"
119-->[com.google.firebase:firebase-auth:23.0.0] AndroidManifest.xml:70:17-109
120                android:value="com.google.firebase.components.ComponentRegistrar" />
120-->[com.google.firebase:firebase-auth:23.0.0] AndroidManifest.xml:71:17-82
121            <meta-data
121-->[com.google.firebase:firebase-database:21.0.0] AndroidManifest.xml:29:13-31:85
122                android:name="com.google.firebase.components:com.google.firebase.database.FirebaseDatabaseKtxRegistrar"
122-->[com.google.firebase:firebase-database:21.0.0] AndroidManifest.xml:30:17-120
123                android:value="com.google.firebase.components.ComponentRegistrar" />
123-->[com.google.firebase:firebase-database:21.0.0] AndroidManifest.xml:31:17-82
124            <meta-data
124-->[com.google.firebase:firebase-database:21.0.0] AndroidManifest.xml:32:13-34:85
125                android:name="com.google.firebase.components:com.google.firebase.database.DatabaseRegistrar"
125-->[com.google.firebase:firebase-database:21.0.0] AndroidManifest.xml:33:17-109
126                android:value="com.google.firebase.components.ComponentRegistrar" />
126-->[com.google.firebase:firebase-database:21.0.0] AndroidManifest.xml:34:17-82
127            <meta-data
127-->[com.google.firebase:firebase-appcheck:17.1.0] AndroidManifest.xml:25:13-27:85
128                android:name="com.google.firebase.components:com.google.firebase.appcheck.FirebaseAppCheckKtxRegistrar"
128-->[com.google.firebase:firebase-appcheck:17.1.0] AndroidManifest.xml:26:17-120
129                android:value="com.google.firebase.components.ComponentRegistrar" />
129-->[com.google.firebase:firebase-appcheck:17.1.0] AndroidManifest.xml:27:17-82
130            <meta-data
130-->[com.google.firebase:firebase-appcheck:17.1.0] AndroidManifest.xml:28:13-30:85
131                android:name="com.google.firebase.components:com.google.firebase.appcheck.FirebaseAppCheckRegistrar"
131-->[com.google.firebase:firebase-appcheck:17.1.0] AndroidManifest.xml:29:17-117
132                android:value="com.google.firebase.components.ComponentRegistrar" />
132-->[com.google.firebase:firebase-appcheck:17.1.0] AndroidManifest.xml:30:17-82
133            <meta-data
133-->[com.google.firebase:firebase-common-ktx:21.0.0] AndroidManifest.xml:12:13-14:85
134                android:name="com.google.firebase.components:com.google.firebase.ktx.FirebaseCommonLegacyRegistrar"
134-->[com.google.firebase:firebase-common-ktx:21.0.0] AndroidManifest.xml:13:17-116
135                android:value="com.google.firebase.components.ComponentRegistrar" />
135-->[com.google.firebase:firebase-common-ktx:21.0.0] AndroidManifest.xml:14:17-82
136            <meta-data
136-->[com.google.firebase:firebase-datatransport:18.1.7] AndroidManifest.xml:27:13-29:85
137                android:name="com.google.firebase.components:com.google.firebase.datatransport.TransportRegistrar"
137-->[com.google.firebase:firebase-datatransport:18.1.7] AndroidManifest.xml:28:17-115
138                android:value="com.google.firebase.components.ComponentRegistrar" />
138-->[com.google.firebase:firebase-datatransport:18.1.7] AndroidManifest.xml:29:17-82
139            <meta-data
139-->[com.google.firebase:firebase-installations:17.1.0] AndroidManifest.xml:17:13-19:85
140                android:name="com.google.firebase.components:com.google.firebase.installations.FirebaseInstallationsRegistrar"
140-->[com.google.firebase:firebase-installations:17.1.0] AndroidManifest.xml:18:17-127
141                android:value="com.google.firebase.components.ComponentRegistrar" />
141-->[com.google.firebase:firebase-installations:17.1.0] AndroidManifest.xml:19:17-82
142            <meta-data
142-->[com.google.firebase:firebase-common:21.0.0] AndroidManifest.xml:35:13-37:85
143                android:name="com.google.firebase.components:com.google.firebase.FirebaseCommonKtxRegistrar"
143-->[com.google.firebase:firebase-common:21.0.0] AndroidManifest.xml:36:17-109
144                android:value="com.google.firebase.components.ComponentRegistrar" />
144-->[com.google.firebase:firebase-common:21.0.0] AndroidManifest.xml:37:17-82
145        </service>
146
147        <receiver
147-->[com.google.firebase:firebase-messaging:23.1.0] AndroidManifest.xml:31:9-38:20
148            android:name="com.google.firebase.iid.FirebaseInstanceIdReceiver"
148-->[com.google.firebase:firebase-messaging:23.1.0] AndroidManifest.xml:32:13-78
149            android:exported="true"
149-->[com.google.firebase:firebase-messaging:23.1.0] AndroidManifest.xml:33:13-36
150            android:permission="com.google.android.c2dm.permission.SEND" >
150-->[com.google.firebase:firebase-messaging:23.1.0] AndroidManifest.xml:34:13-73
151            <intent-filter>
151-->[com.google.firebase:firebase-messaging:23.1.0] AndroidManifest.xml:35:13-37:29
152                <action android:name="com.google.android.c2dm.intent.RECEIVE" />
152-->[com.google.firebase:firebase-messaging:23.1.0] AndroidManifest.xml:36:17-81
152-->[com.google.firebase:firebase-messaging:23.1.0] AndroidManifest.xml:36:25-78
153            </intent-filter>
154        </receiver>
155        <!--
156             FirebaseMessagingService performs security checks at runtime,
157             but set to not exported to explicitly avoid allowing another app to call it.
158        -->
159        <service
159-->[com.google.firebase:firebase-messaging:23.1.0] AndroidManifest.xml:44:9-51:19
160            android:name="com.google.firebase.messaging.FirebaseMessagingService"
160-->[com.google.firebase:firebase-messaging:23.1.0] AndroidManifest.xml:45:13-82
161            android:directBootAware="true"
161-->[com.google.firebase:firebase-messaging:23.1.0] AndroidManifest.xml:46:13-43
162            android:exported="false" >
162-->[com.google.firebase:firebase-messaging:23.1.0] AndroidManifest.xml:47:13-37
163            <intent-filter android:priority="-500" >
163-->[com.google.firebase:firebase-messaging:23.1.0] AndroidManifest.xml:48:13-50:29
163-->[com.google.firebase:firebase-messaging:23.1.0] AndroidManifest.xml:48:28-51
164                <action android:name="com.google.firebase.MESSAGING_EVENT" />
164-->[com.google.firebase:firebase-messaging:23.1.0] AndroidManifest.xml:49:17-78
164-->[com.google.firebase:firebase-messaging:23.1.0] AndroidManifest.xml:49:25-75
165            </intent-filter>
166        </service>
167
168        <activity
168-->[com.google.firebase:firebase-auth:23.0.0] AndroidManifest.xml:29:9-46:20
169            android:name="com.google.firebase.auth.internal.GenericIdpActivity"
169-->[com.google.firebase:firebase-auth:23.0.0] AndroidManifest.xml:30:13-80
170            android:excludeFromRecents="true"
170-->[com.google.firebase:firebase-auth:23.0.0] AndroidManifest.xml:31:13-46
171            android:exported="true"
171-->[com.google.firebase:firebase-auth:23.0.0] AndroidManifest.xml:32:13-36
172            android:launchMode="singleTask"
172-->[com.google.firebase:firebase-auth:23.0.0] AndroidManifest.xml:33:13-44
173            android:theme="@android:style/Theme.Translucent.NoTitleBar" >
173-->[com.google.firebase:firebase-auth:23.0.0] AndroidManifest.xml:34:13-72
174            <intent-filter>
174-->[com.google.firebase:firebase-auth:23.0.0] AndroidManifest.xml:35:13-45:29
175                <action android:name="android.intent.action.VIEW" />
175-->[com.google.firebase:firebase-auth:23.0.0] AndroidManifest.xml:36:17-69
175-->[com.google.firebase:firebase-auth:23.0.0] AndroidManifest.xml:36:25-66
176
177                <category android:name="android.intent.category.DEFAULT" />
177-->[com.google.firebase:firebase-auth:23.0.0] AndroidManifest.xml:38:17-76
177-->[com.google.firebase:firebase-auth:23.0.0] AndroidManifest.xml:38:27-73
178                <category android:name="android.intent.category.BROWSABLE" />
178-->[com.google.firebase:firebase-auth:23.0.0] AndroidManifest.xml:39:17-78
178-->[com.google.firebase:firebase-auth:23.0.0] AndroidManifest.xml:39:27-75
179
180                <data
180-->[com.google.firebase:firebase-auth:23.0.0] AndroidManifest.xml:41:17-44:51
181                    android:host="firebase.auth"
181-->[com.google.firebase:firebase-auth:23.0.0] AndroidManifest.xml:42:21-49
182                    android:path="/"
182-->[com.google.firebase:firebase-auth:23.0.0] AndroidManifest.xml:43:21-37
183                    android:scheme="genericidp" />
183-->[com.google.firebase:firebase-auth:23.0.0] AndroidManifest.xml:44:21-48
184            </intent-filter>
185        </activity>
186        <activity
186-->[com.google.firebase:firebase-auth:23.0.0] AndroidManifest.xml:47:9-64:20
187            android:name="com.google.firebase.auth.internal.RecaptchaActivity"
187-->[com.google.firebase:firebase-auth:23.0.0] AndroidManifest.xml:48:13-79
188            android:excludeFromRecents="true"
188-->[com.google.firebase:firebase-auth:23.0.0] AndroidManifest.xml:49:13-46
189            android:exported="true"
189-->[com.google.firebase:firebase-auth:23.0.0] AndroidManifest.xml:50:13-36
190            android:launchMode="singleTask"
190-->[com.google.firebase:firebase-auth:23.0.0] AndroidManifest.xml:51:13-44
191            android:theme="@android:style/Theme.Translucent.NoTitleBar" >
191-->[com.google.firebase:firebase-auth:23.0.0] AndroidManifest.xml:52:13-72
192            <intent-filter>
192-->[com.google.firebase:firebase-auth:23.0.0] AndroidManifest.xml:53:13-63:29
193                <action android:name="android.intent.action.VIEW" />
193-->[com.google.firebase:firebase-auth:23.0.0] AndroidManifest.xml:36:17-69
193-->[com.google.firebase:firebase-auth:23.0.0] AndroidManifest.xml:36:25-66
194
195                <category android:name="android.intent.category.DEFAULT" />
195-->[com.google.firebase:firebase-auth:23.0.0] AndroidManifest.xml:38:17-76
195-->[com.google.firebase:firebase-auth:23.0.0] AndroidManifest.xml:38:27-73
196                <category android:name="android.intent.category.BROWSABLE" />
196-->[com.google.firebase:firebase-auth:23.0.0] AndroidManifest.xml:39:17-78
196-->[com.google.firebase:firebase-auth:23.0.0] AndroidManifest.xml:39:27-75
197
198                <data
198-->[com.google.firebase:firebase-auth:23.0.0] AndroidManifest.xml:41:17-44:51
199                    android:host="firebase.auth"
199-->[com.google.firebase:firebase-auth:23.0.0] AndroidManifest.xml:42:21-49
200                    android:path="/"
200-->[com.google.firebase:firebase-auth:23.0.0] AndroidManifest.xml:43:21-37
201                    android:scheme="recaptcha" />
201-->[com.google.firebase:firebase-auth:23.0.0] AndroidManifest.xml:44:21-48
202            </intent-filter>
203        </activity>
204
205        <service
205-->[androidx.credentials:credentials-play-services-auth:1.2.0-rc01] AndroidManifest.xml:24:9-32:19
206            android:name="androidx.credentials.playservices.CredentialProviderMetadataHolder"
206-->[androidx.credentials:credentials-play-services-auth:1.2.0-rc01] AndroidManifest.xml:25:13-94
207            android:enabled="true"
207-->[androidx.credentials:credentials-play-services-auth:1.2.0-rc01] AndroidManifest.xml:26:13-35
208            android:exported="false" >
208-->[androidx.credentials:credentials-play-services-auth:1.2.0-rc01] AndroidManifest.xml:27:13-37
209            <meta-data
209-->[androidx.credentials:credentials-play-services-auth:1.2.0-rc01] AndroidManifest.xml:29:13-31:104
210                android:name="androidx.credentials.CREDENTIAL_PROVIDER_KEY"
210-->[androidx.credentials:credentials-play-services-auth:1.2.0-rc01] AndroidManifest.xml:30:17-76
211                android:value="androidx.credentials.playservices.CredentialProviderPlayServicesImpl" />
211-->[androidx.credentials:credentials-play-services-auth:1.2.0-rc01] AndroidManifest.xml:31:17-101
212        </service>
213
214        <activity
214-->[androidx.credentials:credentials-play-services-auth:1.2.0-rc01] AndroidManifest.xml:34:9-41:20
215            android:name="androidx.credentials.playservices.HiddenActivity"
215-->[androidx.credentials:credentials-play-services-auth:1.2.0-rc01] AndroidManifest.xml:35:13-76
216            android:configChanges="orientation|screenSize|screenLayout|keyboardHidden"
216-->[androidx.credentials:credentials-play-services-auth:1.2.0-rc01] AndroidManifest.xml:36:13-87
217            android:enabled="true"
217-->[androidx.credentials:credentials-play-services-auth:1.2.0-rc01] AndroidManifest.xml:37:13-35
218            android:exported="false"
218-->[androidx.credentials:credentials-play-services-auth:1.2.0-rc01] AndroidManifest.xml:38:13-37
219            android:fitsSystemWindows="true"
219-->[androidx.credentials:credentials-play-services-auth:1.2.0-rc01] AndroidManifest.xml:39:13-45
220            android:theme="@style/Theme.Hidden" >
220-->[androidx.credentials:credentials-play-services-auth:1.2.0-rc01] AndroidManifest.xml:40:13-48
221        </activity>
222        <activity
222-->[com.google.android.gms:play-services-auth:20.7.0] AndroidManifest.xml:23:9-27:75
223            android:name="com.google.android.gms.auth.api.signin.internal.SignInHubActivity"
223-->[com.google.android.gms:play-services-auth:20.7.0] AndroidManifest.xml:24:13-93
224            android:excludeFromRecents="true"
224-->[com.google.android.gms:play-services-auth:20.7.0] AndroidManifest.xml:25:13-46
225            android:exported="false"
225-->[com.google.android.gms:play-services-auth:20.7.0] AndroidManifest.xml:26:13-37
226            android:theme="@android:style/Theme.Translucent.NoTitleBar" />
226-->[com.google.android.gms:play-services-auth:20.7.0] AndroidManifest.xml:27:13-72
227        <!--
228            Service handling Google Sign-In user revocation. For apps that do not integrate with
229            Google Sign-In, this service will never be started.
230        -->
231        <service
231-->[com.google.android.gms:play-services-auth:20.7.0] AndroidManifest.xml:33:9-37:51
232            android:name="com.google.android.gms.auth.api.signin.RevocationBoundService"
232-->[com.google.android.gms:play-services-auth:20.7.0] AndroidManifest.xml:34:13-89
233            android:exported="true"
233-->[com.google.android.gms:play-services-auth:20.7.0] AndroidManifest.xml:35:13-36
234            android:permission="com.google.android.gms.auth.api.signin.permission.REVOCATION_NOTIFICATION"
234-->[com.google.android.gms:play-services-auth:20.7.0] AndroidManifest.xml:36:13-107
235            android:visibleToInstantApps="true" />
235-->[com.google.android.gms:play-services-auth:20.7.0] AndroidManifest.xml:37:13-48
236
237        <activity
237-->[com.google.android.gms:play-services-base:18.1.0] AndroidManifest.xml:20:9-22:45
238            android:name="com.google.android.gms.common.api.GoogleApiActivity"
238-->[com.google.android.gms:play-services-base:18.1.0] AndroidManifest.xml:20:19-85
239            android:exported="false"
239-->[com.google.android.gms:play-services-base:18.1.0] AndroidManifest.xml:22:19-43
240            android:theme="@android:style/Theme.Translucent.NoTitleBar" />
240-->[com.google.android.gms:play-services-base:18.1.0] AndroidManifest.xml:21:19-78
241
242        <provider
242-->[com.google.firebase:firebase-common:21.0.0] AndroidManifest.xml:23:9-28:39
243            android:name="com.google.firebase.provider.FirebaseInitProvider"
243-->[com.google.firebase:firebase-common:21.0.0] AndroidManifest.xml:24:13-77
244            android:authorities="com.example.myapplication.firebaseinitprovider"
244-->[com.google.firebase:firebase-common:21.0.0] AndroidManifest.xml:25:13-72
245            android:directBootAware="true"
245-->[com.google.firebase:firebase-common:21.0.0] AndroidManifest.xml:26:13-43
246            android:exported="false"
246-->[com.google.firebase:firebase-common:21.0.0] AndroidManifest.xml:27:13-37
247            android:initOrder="100" />
247-->[com.google.firebase:firebase-common:21.0.0] AndroidManifest.xml:28:13-36
248        <provider
248-->[androidx.emoji2:emoji2:1.3.0] AndroidManifest.xml:24:9-32:20
249            android:name="androidx.startup.InitializationProvider"
249-->[androidx.emoji2:emoji2:1.3.0] AndroidManifest.xml:25:13-67
250            android:authorities="com.example.myapplication.androidx-startup"
250-->[androidx.emoji2:emoji2:1.3.0] AndroidManifest.xml:26:13-68
251            android:exported="false" >
251-->[androidx.emoji2:emoji2:1.3.0] AndroidManifest.xml:27:13-37
252            <meta-data
252-->[androidx.emoji2:emoji2:1.3.0] AndroidManifest.xml:29:13-31:52
253                android:name="androidx.emoji2.text.EmojiCompatInitializer"
253-->[androidx.emoji2:emoji2:1.3.0] AndroidManifest.xml:30:17-75
254                android:value="androidx.startup" />
254-->[androidx.emoji2:emoji2:1.3.0] AndroidManifest.xml:31:17-49
255            <meta-data
255-->[androidx.lifecycle:lifecycle-process:2.6.2] AndroidManifest.xml:29:13-31:52
256                android:name="androidx.lifecycle.ProcessLifecycleInitializer"
256-->[androidx.lifecycle:lifecycle-process:2.6.2] AndroidManifest.xml:30:17-78
257                android:value="androidx.startup" />
257-->[androidx.lifecycle:lifecycle-process:2.6.2] AndroidManifest.xml:31:17-49
258            <meta-data
258-->[androidx.profileinstaller:profileinstaller:1.3.1] AndroidManifest.xml:29:13-31:52
259                android:name="androidx.profileinstaller.ProfileInstallerInitializer"
259-->[androidx.profileinstaller:profileinstaller:1.3.1] AndroidManifest.xml:30:17-85
260                android:value="androidx.startup" />
260-->[androidx.profileinstaller:profileinstaller:1.3.1] AndroidManifest.xml:31:17-49
261        </provider>
262
263        <meta-data
263-->[com.google.android.gms:play-services-basement:18.3.0] AndroidManifest.xml:21:9-23:69
264            android:name="com.google.android.gms.version"
264-->[com.google.android.gms:play-services-basement:18.3.0] AndroidManifest.xml:22:13-58
265            android:value="@integer/google_play_services_version" />
265-->[com.google.android.gms:play-services-basement:18.3.0] AndroidManifest.xml:23:13-66
266
267        <receiver
267-->[androidx.profileinstaller:profileinstaller:1.3.1] AndroidManifest.xml:34:9-52:20
268            android:name="androidx.profileinstaller.ProfileInstallReceiver"
268-->[androidx.profileinstaller:profileinstaller:1.3.1] AndroidManifest.xml:35:13-76
269            android:directBootAware="false"
269-->[androidx.profileinstaller:profileinstaller:1.3.1] AndroidManifest.xml:36:13-44
270            android:enabled="true"